  ANTAM_MT.cpp
  Dynamixel.cpp
d:\reserch_antam\antam_led_feedback\antam_led_feedback\src\dynamixel.cpp(39): warning C4244: '=': 'int64' から 'double' への変換です。データが失われる可能性があります。
d:\reserch_antam\antam_led_feedback\antam_led_feedback\src\dynamixel.cpp(95): warning C4244: '=': 'double' から 'int' への変換です。データが失われる可能性があります。
d:\reserch_antam\antam_led_feedback\antam_led_feedback\src\dynamixel.cpp(96): warning C4244: '=': 'double' から 'int' への変換です。データが失われる可能性があります。
  File.cpp
  Flag.cpp
  Image.cpp
  Mbed_Serial_Mouse.cpp
  Mbed_Serial_LED.cpp
d:\reserch_antam\antam_led_feedback\antam_led_feedback\src\mbed_serial_led.cpp(90): warning C4267: '引数': 'size_t' から 'DWORD' に変換しました。データが失われているかもしれません。
d:\reserch_antam\antam_led_feedback\antam_led_feedback\src\mbed_serial_led.cpp(94): warning C4267: '引数': 'size_t' から 'DWORD' に変換しました。データが失われているかもしれません。
d:\reserch_antam\antam_led_feedback\antam_led_feedback\src\mbed_serial_led.cpp(111): warning C4244: '=': 'double' から '_Ty' への変換です。データが失われる可能性があります。
          with
          [
              _Ty=float
          ]
d:\reserch_antam\antam_led_feedback\antam_led_feedback\src\mbed_serial_led.cpp(112): warning C4244: '=': 'double' から '_Ty' への変換です。データが失われる可能性があります。
          with
          [
              _Ty=float
          ]
d:\reserch_antam\antam_led_feedback\antam_led_feedback\src\mbed_serial_led.cpp(113): warning C4244: '=': 'double' から '_Ty' への変換です。データが失われる可能性があります。
          with
          [
              _Ty=float
          ]
d:\reserch_antam\antam_led_feedback\antam_led_feedback\src\mbed_serial_led.cpp(122): warning C4244: '=': 'float' から 'int' への変換です。データが失われる可能性があります。
d:\reserch_antam\antam_led_feedback\antam_led_feedback\src\mbed_serial_led.cpp(139): warning C4267: '引数': 'size_t' から 'DWORD' に変換しました。データが失われているかもしれません。
d:\reserch_antam\antam_led_feedback\antam_led_feedback\src\mbed_serial_led.cpp(174): warning C4267: '引数': 'size_t' から 'DWORD' に変換しました。データが失われているかもしれません。
d:\reserch_antam\antam_led_feedback\antam_led_feedback\src\mbed_serial_led.cpp(197): warning C4267: '引数': 'size_t' から 'DWORD' に変換しました。データが失われているかもしれません。
d:\reserch_antam\antam_led_feedback\antam_led_feedback\src\mbed_serial_led.cpp(56): warning C4101: 'key': ローカル変数は 1 度も使われていません。
d:\reserch_antam\antam_led_feedback\antam_led_feedback\src\mbed_serial_led.cpp(368): warning C4267: '初期化中': 'size_t' から 'int' に変換しました。データが失われているかもしれません。
d:\reserch_antam\antam_led_feedback\antam_led_feedback\src\mbed_serial_led.cpp(377): warning C4267: '初期化中': 'size_t' から 'int' に変換しました。データが失われているかもしれません。
d:\reserch_antam\antam_led_feedback\antam_led_feedback\src\mbed_serial_led.cpp(386): warning C4267: '初期化中': 'size_t' から 'int' に変換しました。データが失われているかもしれません。
d:\reserch_antam\antam_led_feedback\antam_led_feedback\src\mbed_serial_led.cpp(390): warning C4244: '引数': '_Ty' から 'const unsigned __int64' への変換です。データが失われる可能性があります。
          with
          [
              _Ty=float
          ]
d:\reserch_antam\antam_led_feedback\antam_led_feedback\src\mbed_serial_led.cpp(391): warning C4244: '引数': '_Ty' から 'const unsigned __int64' への変換です。データが失われる可能性があります。
          with
          [
              _Ty=float
          ]
d:\reserch_antam\antam_led_feedback\antam_led_feedback\src\mbed_serial_led.cpp(392): warning C4244: '=': '_Ty' から 'int' への変換です。データが失われる可能性があります。
          with
          [
              _Ty=float
          ]
d:\reserch_antam\antam_led_feedback\antam_led_feedback\src\mbed_serial_led.cpp(393): warning C4244: '引数': '_Ty' から 'const unsigned __int64' への変換です。データが失われる可能性があります。
          with
          [
              _Ty=float
          ]
d:\reserch_antam\antam_led_feedback\antam_led_feedback\src\mbed_serial_led.cpp(396): warning C4244: 'return': 'int' から 'float' への変換です。データが失われる可能性があります。
  コード生成しています。
  1 of 675 functions ( 0.1%) were compiled, the rest were copied from previous compilation.
    0 functions were new in current compilation
    0 functions had inline decision re-evaluated but remain unchanged
  コード生成が終了しました。
  ANTAM_LED_FeedBack.vcxproj -> D:\Reserch_ANTAM\ANTAM_LED_FeedBack\x64\Release\ANTAM_LED_FeedBack.exe
